<?xml version="1.0" encoding="UTF-8"?>
<!-- Generated by org.testng.reporters.JUnitXMLReporter -->
<testsuite ignored="0" hostname="dawit-ubuntu" failures="3" tests="4" name="ATM Portal Test" time="22.836" errors="0" timestamp="2021-03-10T00:28:59 EST">
  <testcase classname="com.wmsportalvt.testCases.TC1_ValidateUptime" name="upTime" time="0.07"/>
  <testcase classname="com.wmsportalvt.testCases.TC2_ValidateSecurity" name="securityTest" time="2.594">
    <failure type="java.lang.NullPointerException">
      <![CDATA[java.lang.NullPointerException
at org.openqa.selenium.support.pagefactory.internal.LocatingElementHandler.invoke(LocatingElementHandler.java:51)
at com.sun.proxy.$Proxy15.sendKeys(Unknown Source)
at com.wmsportalvt.pageElements.WebPage.setUserName(WebPage.java:50)
at com.wmsportalvt.testCases.TC2_ValidateSecurity.securityTest(TC2_ValidateSecurity.java:35)
at java.base/java.util.ArrayList.forEach(ArrayList.java:1541)
... Removed 28 stack frames]]>
    </failure>
  </testcase> <!-- securityTest -->
  <testcase classname="com.wmsportalvt.testCases.TC3_ValidateLogin" name="loginTest" time="3.374">
    <failure type="java.lang.NullPointerException">
      <![CDATA[java.lang.NullPointerException
at org.openqa.selenium.support.pagefactory.internal.LocatingElementHandler.invoke(LocatingElementHandler.java:51)
at com.sun.proxy.$Proxy15.sendKeys(Unknown Source)
at com.wmsportalvt.pageElements.WebPage.setUserName(WebPage.java:50)
at com.wmsportalvt.testCases.TC3_ValidateLogin.loginTest(TC3_ValidateLogin.java:35)
at java.base/java.util.ArrayList.forEach(ArrayList.java:1541)
... Removed 28 stack frames]]>
    </failure>
  </testcase> <!-- loginTest -->
  <testcase classname="com.wmsportalvt.testCases.TC4_ValidateLogout" name="logoutTest" time="1.345">
    <failure type="java.lang.NullPointerException">
      <![CDATA[java.lang.NullPointerException
at org.openqa.selenium.support.pagefactory.internal.LocatingElementHandler.invoke(LocatingElementHandler.java:51)
at com.sun.proxy.$Proxy15.sendKeys(Unknown Source)
at com.wmsportalvt.pageElements.WebPage.setUserName(WebPage.java:50)
at com.wmsportalvt.testCases.TC4_ValidateLogout.logoutTest(TC4_ValidateLogout.java:41)
at java.base/java.util.ArrayList.forEach(ArrayList.java:1541)
... Removed 28 stack frames]]>
    </failure>
  </testcase> <!-- logoutTest -->
</testsuite> <!-- ATM Portal Test -->
