<?xml version="1.0" encoding="UTF-8"?>
<testng-results ignored="0" total="7" passed="7" failed="0" skipped="0">
  <reporter-output>
  </reporter-output>
  <suite started-at="2021-03-12T00:25:20 EST" name="AlliedWMSPortalTV" finished-at="2021-03-12T00:25:54 EST" duration-ms="34085">
    <groups>
    </groups>
    <test started-at="2021-03-12T00:25:20 EST" name="AlliedWMSPortalTV-Chrome" finished-at="2021-03-12T00:25:54 EST" duration-ms="34085">
      <class name="com.wmsportalvt.testCases.TC2_ValidateSecurity">
        <test-method is-config="true" signature="boot(java.lang.String)[pri:0, instance:com.wmsportalvt.testCases.TC2_ValidateSecurity@2aa3cd93]" started-at="2021-03-12T00:25:28 EST" name="boot" finished-at="2021-03-12T00:25:31 EST" duration-ms="3084" status="PASS">
          <params>
            <param index="0">
              <value>
                <![CDATA[chrome]]>
              </value>
            </param>
          </params>
          <reporter-output>
          </reporter-output>
        </test-method> <!-- boot -->
        <test-method signature="securityTest()[pri:0, instance:com.wmsportalvt.testCases.TC2_ValidateSecurity@2aa3cd93]" started-at="2021-03-12T00:25:31 EST" name="securityTest" finished-at="2021-03-12T00:25:34 EST" duration-ms="2704" status="PASS">
          <reporter-output>
          </reporter-output>
        </test-method> <!-- securityTest -->
        <test-method is-config="true" signature="tearDown()[pri:0, instance:com.wmsportalvt.testCases.TC2_ValidateSecurity@2aa3cd93]" started-at="2021-03-12T00:25:34 EST" name="tearDown" finished-at="2021-03-12T00:25:34 EST" duration-ms="141" status="PASS">
          <reporter-output>
          </reporter-output>
        </test-method> <!-- tearDown -->
      </class> <!-- com.wmsportalvt.testCases.TC2_ValidateSecurity -->
      <class name="com.wmsportalvt.testCases.TC1_ValidateUptime">
        <test-method is-config="true" signature="boot(java.lang.String)[pri:0, instance:com.wmsportalvt.testCases.TC1_ValidateUptime@add0edd]" started-at="2021-03-12T00:25:20 EST" name="boot" finished-at="2021-03-12T00:25:28 EST" duration-ms="7307" status="PASS">
          <params>
            <param index="0">
              <value>
                <![CDATA[chrome]]>
              </value>
            </param>
          </params>
          <reporter-output>
          </reporter-output>
        </test-method> <!-- boot -->
        <test-method signature="upTime()[pri:0, instance:com.wmsportalvt.testCases.TC1_ValidateUptime@add0edd]" started-at="2021-03-12T00:25:28 EST" name="upTime" finished-at="2021-03-12T00:25:28 EST" duration-ms="49" status="PASS">
          <reporter-output>
          </reporter-output>
        </test-method> <!-- upTime -->
        <test-method is-config="true" signature="tearDown()[pri:0, instance:com.wmsportalvt.testCases.TC1_ValidateUptime@add0edd]" started-at="2021-03-12T00:25:28 EST" name="tearDown" finished-at="2021-03-12T00:25:28 EST" duration-ms="176" status="PASS">
          <reporter-output>
          </reporter-output>
        </test-method> <!-- tearDown -->
      </class> <!-- com.wmsportalvt.testCases.TC1_ValidateUptime -->
      <class name="com.wmsportalvt.testCases.TC7_ValidateAdminPageNavigation">
        <test-method is-config="true" signature="boot(java.lang.String)[pri:0, instance:com.wmsportalvt.testCases.TC7_ValidateAdminPageNavigation@78dd667e]" started-at="2021-03-12T00:25:51 EST" name="boot" finished-at="2021-03-12T00:25:53 EST" duration-ms="1759" status="PASS">
          <params>
            <param index="0">
              <value>
                <![CDATA[chrome]]>
              </value>
            </param>
          </params>
          <reporter-output>
          </reporter-output>
        </test-method> <!-- boot -->
        <test-method signature="manageAdmin()[pri:0, instance:com.wmsportalvt.testCases.TC7_ValidateAdminPageNavigation@78dd667e]" started-at="2021-03-12T00:25:53 EST" name="manageAdmin" finished-at="2021-03-12T00:25:54 EST" duration-ms="1016" status="PASS">
          <reporter-output>
          </reporter-output>
        </test-method> <!-- manageAdmin -->
        <test-method is-config="true" signature="tearDown()[pri:0, instance:com.wmsportalvt.testCases.TC7_ValidateAdminPageNavigation@78dd667e]" started-at="2021-03-12T00:25:54 EST" name="tearDown" finished-at="2021-03-12T00:25:54 EST" duration-ms="95" status="PASS">
          <reporter-output>
          </reporter-output>
        </test-method> <!-- tearDown -->
      </class> <!-- com.wmsportalvt.testCases.TC7_ValidateAdminPageNavigation -->
      <class name="com.wmsportalvt.testCases.TC5_ValidateInventoryPageNavigation">
        <test-method is-config="true" signature="boot(java.lang.String)[pri:0, instance:com.wmsportalvt.testCases.TC5_ValidateInventoryPageNavigation@290d210d]" started-at="2021-03-12T00:25:41 EST" name="boot" finished-at="2021-03-12T00:25:43 EST" duration-ms="2036" status="PASS">
          <params>
            <param index="0">
              <value>
                <![CDATA[chrome]]>
              </value>
            </param>
          </params>
          <reporter-output>
          </reporter-output>
        </test-method> <!-- boot -->
        <test-method signature="listorder()[pri:0, instance:com.wmsportalvt.testCases.TC5_ValidateInventoryPageNavigation@290d210d]" started-at="2021-03-12T00:25:43 EST" name="listorder" finished-at="2021-03-12T00:25:48 EST" duration-ms="4570" status="PASS">
          <reporter-output>
          </reporter-output>
        </test-method> <!-- listorder -->
        <test-method is-config="true" signature="tearDown()[pri:0, instance:com.wmsportalvt.testCases.TC5_ValidateInventoryPageNavigation@290d210d]" started-at="2021-03-12T00:25:48 EST" name="tearDown" finished-at="2021-03-12T00:25:48 EST" duration-ms="146" status="PASS">
          <reporter-output>
          </reporter-output>
        </test-method> <!-- tearDown -->
      </class> <!-- com.wmsportalvt.testCases.TC5_ValidateInventoryPageNavigation -->
      <class name="com.wmsportalvt.testCases.TC4_ValidateLogout">
        <test-method is-config="true" signature="boot(java.lang.String)[pri:0, instance:com.wmsportalvt.testCases.TC4_ValidateLogout@4b44655e]" started-at="2021-03-12T00:25:38 EST" name="boot" finished-at="2021-03-12T00:25:40 EST" duration-ms="2549" status="PASS">
          <params>
            <param index="0">
              <value>
                <![CDATA[chrome]]>
              </value>
            </param>
          </params>
          <reporter-output>
          </reporter-output>
        </test-method> <!-- boot -->
        <test-method signature="logoutTest()[pri:0, instance:com.wmsportalvt.testCases.TC4_ValidateLogout@4b44655e]" started-at="2021-03-12T00:25:40 EST" name="logoutTest" finished-at="2021-03-12T00:25:41 EST" duration-ms="1032" status="PASS">
          <reporter-output>
          </reporter-output>
        </test-method> <!-- logoutTest -->
        <test-method is-config="true" signature="tearDown()[pri:0, instance:com.wmsportalvt.testCases.TC4_ValidateLogout@4b44655e]" started-at="2021-03-12T00:25:41 EST" name="tearDown" finished-at="2021-03-12T00:25:41 EST" duration-ms="126" status="PASS">
          <reporter-output>
          </reporter-output>
        </test-method> <!-- tearDown -->
      </class> <!-- com.wmsportalvt.testCases.TC4_ValidateLogout -->
      <class name="com.wmsportalvt.testCases.TC3_ValidateLogin">
        <test-method is-config="true" signature="boot(java.lang.String)[pri:0, instance:com.wmsportalvt.testCases.TC3_ValidateLogin@7ea37dbf]" started-at="2021-03-12T00:25:34 EST" name="boot" finished-at="2021-03-12T00:25:36 EST" duration-ms="2667" status="PASS">
          <params>
            <param index="0">
              <value>
                <![CDATA[chrome]]>
              </value>
            </param>
          </params>
          <reporter-output>
          </reporter-output>
        </test-method> <!-- boot -->
        <test-method signature="loginTest()[pri:0, instance:com.wmsportalvt.testCases.TC3_ValidateLogin@7ea37dbf]" started-at="2021-03-12T00:25:36 EST" name="loginTest" finished-at="2021-03-12T00:25:38 EST" duration-ms="1213" status="PASS">
          <reporter-output>
          </reporter-output>
        </test-method> <!-- loginTest -->
        <test-method is-config="true" signature="tearDown()[pri:0, instance:com.wmsportalvt.testCases.TC3_ValidateLogin@7ea37dbf]" started-at="2021-03-12T00:25:38 EST" name="tearDown" finished-at="2021-03-12T00:25:38 EST" duration-ms="97" status="PASS">
          <reporter-output>
          </reporter-output>
        </test-method> <!-- tearDown -->
      </class> <!-- com.wmsportalvt.testCases.TC3_ValidateLogin -->
      <class name="com.wmsportalvt.testCases.TC6_ValidateOrderPageNavigation">
        <test-method is-config="true" signature="boot(java.lang.String)[pri:0, instance:com.wmsportalvt.testCases.TC6_ValidateOrderPageNavigation@1d76aeea]" started-at="2021-03-12T00:25:48 EST" name="boot" finished-at="2021-03-12T00:25:50 EST" duration-ms="1847" status="PASS">
          <params>
            <param index="0">
              <value>
                <![CDATA[chrome]]>
              </value>
            </param>
          </params>
          <reporter-output>
          </reporter-output>
        </test-method> <!-- boot -->
        <test-method signature="listInventory()[pri:0, instance:com.wmsportalvt.testCases.TC6_ValidateOrderPageNavigation@1d76aeea]" started-at="2021-03-12T00:25:50 EST" name="listInventory" finished-at="2021-03-12T00:25:51 EST" duration-ms="1271" status="PASS">
          <reporter-output>
          </reporter-output>
        </test-method> <!-- listInventory -->
        <test-method is-config="true" signature="tearDown()[pri:0, instance:com.wmsportalvt.testCases.TC6_ValidateOrderPageNavigation@1d76aeea]" started-at="2021-03-12T00:25:51 EST" name="tearDown" finished-at="2021-03-12T00:25:51 EST" duration-ms="79" status="PASS">
          <reporter-output>
          </reporter-output>
        </test-method> <!-- tearDown -->
      </class> <!-- com.wmsportalvt.testCases.TC6_ValidateOrderPageNavigation -->
    </test> <!-- AlliedWMSPortalTV-Chrome -->
  </suite> <!-- AlliedWMSPortalTV -->
</testng-results>
