<?xml version="1.0" encoding="UTF-8"?>
<testng-results ignored="0" total="14" passed="14" failed="0" skipped="0">
  <reporter-output>
  </reporter-output>
  <suite started-at="2021-03-16T17:25:32 EDT" name="AlliedWMSPortalTV" finished-at="2021-03-16T17:26:54 EDT" duration-ms="82052">
    <groups>
    </groups>
    <test started-at="2021-03-16T17:25:32 EDT" name="AlliedWMSPortalTV-Chrome" finished-at="2021-03-16T17:25:52 EDT" duration-ms="20007">
      <class name="com.wmsportalvt.testCases.TC2_ValidateSecurity">
        <test-method is-config="true" signature="boot(java.lang.String)[pri:0, instance:com.wmsportalvt.testCases.TC2_ValidateSecurity@2aa3cd93]" started-at="2021-03-16T17:25:38 EDT" name="boot" finished-at="2021-03-16T17:25:39 EDT" duration-ms="1722" status="PASS">
          <params>
            <param index="0">
              <value>
                <![CDATA[chrome]]>
              </value>
            </param>
          </params>
          <reporter-output>
          </reporter-output>
        </test-method> <!-- boot -->
        <test-method signature="securityTest()[pri:0, instance:com.wmsportalvt.testCases.TC2_ValidateSecurity@2aa3cd93]" started-at="2021-03-16T17:25:39 EDT" name="securityTest" finished-at="2021-03-16T17:25:40 EDT" duration-ms="883" status="PASS">
          <reporter-output>
          </reporter-output>
        </test-method> <!-- securityTest -->
        <test-method is-config="true" signature="tearDown()[pri:0, instance:com.wmsportalvt.testCases.TC2_ValidateSecurity@2aa3cd93]" started-at="2021-03-16T17:25:40 EDT" name="tearDown" finished-at="2021-03-16T17:25:40 EDT" duration-ms="133" status="PASS">
          <reporter-output>
          </reporter-output>
        </test-method> <!-- tearDown -->
      </class> <!-- com.wmsportalvt.testCases.TC2_ValidateSecurity -->
      <class name="com.wmsportalvt.testCases.TC1_ValidateUptime">
        <test-method is-config="true" signature="boot(java.lang.String)[pri:0, instance:com.wmsportalvt.testCases.TC1_ValidateUptime@add0edd]" started-at="2021-03-16T17:25:32 EDT" name="boot" finished-at="2021-03-16T17:25:37 EDT" duration-ms="5140" status="PASS">
          <params>
            <param index="0">
              <value>
                <![CDATA[chrome]]>
              </value>
            </param>
          </params>
          <reporter-output>
          </reporter-output>
        </test-method> <!-- boot -->
        <test-method signature="upTime()[pri:0, instance:com.wmsportalvt.testCases.TC1_ValidateUptime@add0edd]" started-at="2021-03-16T17:25:37 EDT" name="upTime" finished-at="2021-03-16T17:25:37 EDT" duration-ms="64" status="PASS">
          <reporter-output>
          </reporter-output>
        </test-method> <!-- upTime -->
        <test-method is-config="true" signature="tearDown()[pri:0, instance:com.wmsportalvt.testCases.TC1_ValidateUptime@add0edd]" started-at="2021-03-16T17:25:37 EDT" name="tearDown" finished-at="2021-03-16T17:25:38 EDT" duration-ms="150" status="PASS">
          <reporter-output>
          </reporter-output>
        </test-method> <!-- tearDown -->
      </class> <!-- com.wmsportalvt.testCases.TC1_ValidateUptime -->
      <class name="com.wmsportalvt.testCases.TC7_ValidateAdminPageNavigation">
        <test-method is-config="true" signature="boot(java.lang.String)[pri:0, instance:com.wmsportalvt.testCases.TC7_ValidateAdminPageNavigation@78dd667e]" started-at="2021-03-16T17:25:50 EDT" name="boot" finished-at="2021-03-16T17:25:51 EDT" duration-ms="1304" status="PASS">
          <params>
            <param index="0">
              <value>
                <![CDATA[chrome]]>
              </value>
            </param>
          </params>
          <reporter-output>
          </reporter-output>
        </test-method> <!-- boot -->
        <test-method signature="manageAdmin()[pri:0, instance:com.wmsportalvt.testCases.TC7_ValidateAdminPageNavigation@78dd667e]" started-at="2021-03-16T17:25:51 EDT" name="manageAdmin" finished-at="2021-03-16T17:25:52 EDT" duration-ms="813" status="PASS">
          <reporter-output>
          </reporter-output>
        </test-method> <!-- manageAdmin -->
        <test-method is-config="true" signature="tearDown()[pri:0, instance:com.wmsportalvt.testCases.TC7_ValidateAdminPageNavigation@78dd667e]" started-at="2021-03-16T17:25:52 EDT" name="tearDown" finished-at="2021-03-16T17:25:52 EDT" duration-ms="70" status="PASS">
          <reporter-output>
          </reporter-output>
        </test-method> <!-- tearDown -->
      </class> <!-- com.wmsportalvt.testCases.TC7_ValidateAdminPageNavigation -->
      <class name="com.wmsportalvt.testCases.TC5_ValidateInventoryPageNavigation">
        <test-method is-config="true" signature="boot(java.lang.String)[pri:0, instance:com.wmsportalvt.testCases.TC5_ValidateInventoryPageNavigation@290d210d]" started-at="2021-03-16T17:25:45 EDT" name="boot" finished-at="2021-03-16T17:25:46 EDT" duration-ms="1303" status="PASS">
          <params>
            <param index="0">
              <value>
                <![CDATA[chrome]]>
              </value>
            </param>
          </params>
          <reporter-output>
          </reporter-output>
        </test-method> <!-- boot -->
        <test-method signature="listorder()[pri:0, instance:com.wmsportalvt.testCases.TC5_ValidateInventoryPageNavigation@290d210d]" started-at="2021-03-16T17:25:46 EDT" name="listorder" finished-at="2021-03-16T17:25:48 EDT" duration-ms="1101" status="PASS">
          <reporter-output>
          </reporter-output>
        </test-method> <!-- listorder -->
        <test-method is-config="true" signature="tearDown()[pri:0, instance:com.wmsportalvt.testCases.TC5_ValidateInventoryPageNavigation@290d210d]" started-at="2021-03-16T17:25:48 EDT" name="tearDown" finished-at="2021-03-16T17:25:48 EDT" duration-ms="111" status="PASS">
          <reporter-output>
          </reporter-output>
        </test-method> <!-- tearDown -->
      </class> <!-- com.wmsportalvt.testCases.TC5_ValidateInventoryPageNavigation -->
      <class name="com.wmsportalvt.testCases.TC4_ValidateLogout">
        <test-method is-config="true" signature="boot(java.lang.String)[pri:0, instance:com.wmsportalvt.testCases.TC4_ValidateLogout@4b44655e]" started-at="2021-03-16T17:25:43 EDT" name="boot" finished-at="2021-03-16T17:25:44 EDT" duration-ms="1493" status="PASS">
          <params>
            <param index="0">
              <value>
                <![CDATA[chrome]]>
              </value>
            </param>
          </params>
          <reporter-output>
          </reporter-output>
        </test-method> <!-- boot -->
        <test-method signature="logoutTest()[pri:0, instance:com.wmsportalvt.testCases.TC4_ValidateLogout@4b44655e]" started-at="2021-03-16T17:25:44 EDT" name="logoutTest" finished-at="2021-03-16T17:25:45 EDT" duration-ms="981" status="PASS">
          <reporter-output>
          </reporter-output>
        </test-method> <!-- logoutTest -->
        <test-method is-config="true" signature="tearDown()[pri:0, instance:com.wmsportalvt.testCases.TC4_ValidateLogout@4b44655e]" started-at="2021-03-16T17:25:45 EDT" name="tearDown" finished-at="2021-03-16T17:25:45 EDT" duration-ms="135" status="PASS">
          <reporter-output>
          </reporter-output>
        </test-method> <!-- tearDown -->
      </class> <!-- com.wmsportalvt.testCases.TC4_ValidateLogout -->
      <class name="com.wmsportalvt.testCases.TC3_ValidateLogin">
        <test-method is-config="true" signature="boot(java.lang.String)[pri:0, instance:com.wmsportalvt.testCases.TC3_ValidateLogin@7ea37dbf]" started-at="2021-03-16T17:25:40 EDT" name="boot" finished-at="2021-03-16T17:25:42 EDT" duration-ms="1271" status="PASS">
          <params>
            <param index="0">
              <value>
                <![CDATA[chrome]]>
              </value>
            </param>
          </params>
          <reporter-output>
          </reporter-output>
        </test-method> <!-- boot -->
        <test-method signature="loginTest()[pri:0, instance:com.wmsportalvt.testCases.TC3_ValidateLogin@7ea37dbf]" started-at="2021-03-16T17:25:42 EDT" name="loginTest" finished-at="2021-03-16T17:25:42 EDT" duration-ms="872" status="PASS">
          <reporter-output>
          </reporter-output>
        </test-method> <!-- loginTest -->
        <test-method is-config="true" signature="tearDown()[pri:0, instance:com.wmsportalvt.testCases.TC3_ValidateLogin@7ea37dbf]" started-at="2021-03-16T17:25:42 EDT" name="tearDown" finished-at="2021-03-16T17:25:43 EDT" duration-ms="126" status="PASS">
          <reporter-output>
          </reporter-output>
        </test-method> <!-- tearDown -->
      </class> <!-- com.wmsportalvt.testCases.TC3_ValidateLogin -->
      <class name="com.wmsportalvt.testCases.TC6_ValidateOrderPageNavigation">
        <test-method is-config="true" signature="boot(java.lang.String)[pri:0, instance:com.wmsportalvt.testCases.TC6_ValidateOrderPageNavigation@1d76aeea]" started-at="2021-03-16T17:25:48 EDT" name="boot" finished-at="2021-03-16T17:25:49 EDT" duration-ms="1348" status="PASS">
          <params>
            <param index="0">
              <value>
                <![CDATA[chrome]]>
              </value>
            </param>
          </params>
          <reporter-output>
          </reporter-output>
        </test-method> <!-- boot -->
        <test-method signature="listInventory()[pri:0, instance:com.wmsportalvt.testCases.TC6_ValidateOrderPageNavigation@1d76aeea]" started-at="2021-03-16T17:25:49 EDT" name="listInventory" finished-at="2021-03-16T17:25:50 EDT" duration-ms="792" status="PASS">
          <reporter-output>
          </reporter-output>
        </test-method> <!-- listInventory -->
        <test-method is-config="true" signature="tearDown()[pri:0, instance:com.wmsportalvt.testCases.TC6_ValidateOrderPageNavigation@1d76aeea]" started-at="2021-03-16T17:25:50 EDT" name="tearDown" finished-at="2021-03-16T17:25:50 EDT" duration-ms="81" status="PASS">
          <reporter-output>
          </reporter-output>
        </test-method> <!-- tearDown -->
      </class> <!-- com.wmsportalvt.testCases.TC6_ValidateOrderPageNavigation -->
    </test> <!-- AlliedWMSPortalTV-Chrome -->
    <test started-at="2021-03-16T17:25:52 EDT" name="AlliedWMSPortalTV-Firefox" finished-at="2021-03-16T17:26:54 EDT" duration-ms="61913">
      <class name="com.wmsportalvt.testCases.TC2_ValidateSecurity">
        <test-method is-config="true" signature="boot(java.lang.String)[pri:0, instance:com.wmsportalvt.testCases.TC2_ValidateSecurity@11a9e7c8]" started-at="2021-03-16T17:26:01 EDT" name="boot" finished-at="2021-03-16T17:26:06 EDT" duration-ms="5771" status="PASS">
          <params>
            <param index="0">
              <value>
                <![CDATA[firefox]]>
              </value>
            </param>
          </params>
          <reporter-output>
          </reporter-output>
        </test-method> <!-- boot -->
        <test-method signature="securityTest()[pri:0, instance:com.wmsportalvt.testCases.TC2_ValidateSecurity@11a9e7c8]" started-at="2021-03-16T17:26:06 EDT" name="securityTest" finished-at="2021-03-16T17:26:08 EDT" duration-ms="1405" status="PASS">
          <reporter-output>
          </reporter-output>
        </test-method> <!-- securityTest -->
        <test-method is-config="true" signature="tearDown()[pri:0, instance:com.wmsportalvt.testCases.TC2_ValidateSecurity@11a9e7c8]" started-at="2021-03-16T17:26:08 EDT" name="tearDown" finished-at="2021-03-16T17:26:09 EDT" duration-ms="1016" status="PASS">
          <reporter-output>
          </reporter-output>
        </test-method> <!-- tearDown -->
      </class> <!-- com.wmsportalvt.testCases.TC2_ValidateSecurity -->
      <class name="com.wmsportalvt.testCases.TC1_ValidateUptime">
        <test-method is-config="true" signature="boot(java.lang.String)[pri:0, instance:com.wmsportalvt.testCases.TC1_ValidateUptime@3b07a0d6]" started-at="2021-03-16T17:25:52 EDT" name="boot" finished-at="2021-03-16T17:25:59 EDT" duration-ms="7091" status="PASS">
          <params>
            <param index="0">
              <value>
                <![CDATA[firefox]]>
              </value>
            </param>
          </params>
          <reporter-output>
          </reporter-output>
        </test-method> <!-- boot -->
        <test-method signature="upTime()[pri:0, instance:com.wmsportalvt.testCases.TC1_ValidateUptime@3b07a0d6]" started-at="2021-03-16T17:25:59 EDT" name="upTime" finished-at="2021-03-16T17:25:59 EDT" duration-ms="33" status="PASS">
          <reporter-output>
          </reporter-output>
        </test-method> <!-- upTime -->
        <test-method is-config="true" signature="tearDown()[pri:0, instance:com.wmsportalvt.testCases.TC1_ValidateUptime@3b07a0d6]" started-at="2021-03-16T17:25:59 EDT" name="tearDown" finished-at="2021-03-16T17:26:01 EDT" duration-ms="1213" status="PASS">
          <reporter-output>
          </reporter-output>
        </test-method> <!-- tearDown -->
      </class> <!-- com.wmsportalvt.testCases.TC1_ValidateUptime -->
      <class name="com.wmsportalvt.testCases.TC7_ValidateAdminPageNavigation">
        <test-method is-config="true" signature="boot(java.lang.String)[pri:0, instance:com.wmsportalvt.testCases.TC7_ValidateAdminPageNavigation@7b227d8d]" started-at="2021-03-16T17:26:44 EDT" name="boot" finished-at="2021-03-16T17:26:52 EDT" duration-ms="7975" status="PASS">
          <params>
            <param index="0">
              <value>
                <![CDATA[firefox]]>
              </value>
            </param>
          </params>
          <reporter-output>
          </reporter-output>
        </test-method> <!-- boot -->
        <test-method signature="manageAdmin()[pri:0, instance:com.wmsportalvt.testCases.TC7_ValidateAdminPageNavigation@7b227d8d]" started-at="2021-03-16T17:26:52 EDT" name="manageAdmin" finished-at="2021-03-16T17:26:53 EDT" duration-ms="1366" status="PASS">
          <reporter-output>
          </reporter-output>
        </test-method> <!-- manageAdmin -->
        <test-method is-config="true" signature="tearDown()[pri:0, instance:com.wmsportalvt.testCases.TC7_ValidateAdminPageNavigation@7b227d8d]" started-at="2021-03-16T17:26:53 EDT" name="tearDown" finished-at="2021-03-16T17:26:54 EDT" duration-ms="1061" status="PASS">
          <reporter-output>
          </reporter-output>
        </test-method> <!-- tearDown -->
      </class> <!-- com.wmsportalvt.testCases.TC7_ValidateAdminPageNavigation -->
      <class name="com.wmsportalvt.testCases.TC5_ValidateInventoryPageNavigation">
        <test-method is-config="true" signature="boot(java.lang.String)[pri:0, instance:com.wmsportalvt.testCases.TC5_ValidateInventoryPageNavigation@12d4bf7e]" started-at="2021-03-16T17:26:26 EDT" name="boot" finished-at="2021-03-16T17:26:32 EDT" duration-ms="5870" status="PASS">
          <params>
            <param index="0">
              <value>
                <![CDATA[firefox]]>
              </value>
            </param>
          </params>
          <reporter-output>
          </reporter-output>
        </test-method> <!-- boot -->
        <test-method signature="listorder()[pri:0, instance:com.wmsportalvt.testCases.TC5_ValidateInventoryPageNavigation@12d4bf7e]" started-at="2021-03-16T17:26:32 EDT" name="listorder" finished-at="2021-03-16T17:26:34 EDT" duration-ms="1710" status="PASS">
          <reporter-output>
          </reporter-output>
        </test-method> <!-- listorder -->
        <test-method is-config="true" signature="tearDown()[pri:0, instance:com.wmsportalvt.testCases.TC5_ValidateInventoryPageNavigation@12d4bf7e]" started-at="2021-03-16T17:26:34 EDT" name="tearDown" finished-at="2021-03-16T17:26:35 EDT" duration-ms="906" status="PASS">
          <reporter-output>
          </reporter-output>
        </test-method> <!-- tearDown -->
      </class> <!-- com.wmsportalvt.testCases.TC5_ValidateInventoryPageNavigation -->
      <class name="com.wmsportalvt.testCases.TC4_ValidateLogout">
        <test-method is-config="true" signature="boot(java.lang.String)[pri:0, instance:com.wmsportalvt.testCases.TC4_ValidateLogout@14d3bc22]" started-at="2021-03-16T17:26:18 EDT" name="boot" finished-at="2021-03-16T17:26:24 EDT" duration-ms="6123" status="PASS">
          <params>
            <param index="0">
              <value>
                <![CDATA[firefox]]>
              </value>
            </param>
          </params>
          <reporter-output>
          </reporter-output>
        </test-method> <!-- boot -->
        <test-method signature="logoutTest()[pri:0, instance:com.wmsportalvt.testCases.TC4_ValidateLogout@14d3bc22]" started-at="2021-03-16T17:26:24 EDT" name="logoutTest" finished-at="2021-03-16T17:26:25 EDT" duration-ms="1256" status="PASS">
          <reporter-output>
          </reporter-output>
        </test-method> <!-- logoutTest -->
        <test-method is-config="true" signature="tearDown()[pri:0, instance:com.wmsportalvt.testCases.TC4_ValidateLogout@14d3bc22]" started-at="2021-03-16T17:26:25 EDT" name="tearDown" finished-at="2021-03-16T17:26:26 EDT" duration-ms="1120" status="PASS">
          <reporter-output>
          </reporter-output>
        </test-method> <!-- tearDown -->
      </class> <!-- com.wmsportalvt.testCases.TC4_ValidateLogout -->
      <class name="com.wmsportalvt.testCases.TC3_ValidateLogin">
        <test-method is-config="true" signature="boot(java.lang.String)[pri:0, instance:com.wmsportalvt.testCases.TC3_ValidateLogin@3901d134]" started-at="2021-03-16T17:26:09 EDT" name="boot" finished-at="2021-03-16T17:26:15 EDT" duration-ms="6031" status="PASS">
          <params>
            <param index="0">
              <value>
                <![CDATA[firefox]]>
              </value>
            </param>
          </params>
          <reporter-output>
          </reporter-output>
        </test-method> <!-- boot -->
        <test-method signature="loginTest()[pri:0, instance:com.wmsportalvt.testCases.TC3_ValidateLogin@3901d134]" started-at="2021-03-16T17:26:15 EDT" name="loginTest" finished-at="2021-03-16T17:26:16 EDT" duration-ms="1517" status="PASS">
          <reporter-output>
          </reporter-output>
        </test-method> <!-- loginTest -->
        <test-method is-config="true" signature="tearDown()[pri:0, instance:com.wmsportalvt.testCases.TC3_ValidateLogin@3901d134]" started-at="2021-03-16T17:26:16 EDT" name="tearDown" finished-at="2021-03-16T17:26:18 EDT" duration-ms="1206" status="PASS">
          <reporter-output>
          </reporter-output>
        </test-method> <!-- tearDown -->
      </class> <!-- com.wmsportalvt.testCases.TC3_ValidateLogin -->
      <class name="com.wmsportalvt.testCases.TC6_ValidateOrderPageNavigation">
        <test-method is-config="true" signature="boot(java.lang.String)[pri:0, instance:com.wmsportalvt.testCases.TC6_ValidateOrderPageNavigation@4c1d9d4b]" started-at="2021-03-16T17:26:35 EDT" name="boot" finished-at="2021-03-16T17:26:41 EDT" duration-ms="6093" status="PASS">
          <params>
            <param index="0">
              <value>
                <![CDATA[firefox]]>
              </value>
            </param>
          </params>
          <reporter-output>
          </reporter-output>
        </test-method> <!-- boot -->
        <test-method signature="listInventory()[pri:0, instance:com.wmsportalvt.testCases.TC6_ValidateOrderPageNavigation@4c1d9d4b]" started-at="2021-03-16T17:26:41 EDT" name="listInventory" finished-at="2021-03-16T17:26:42 EDT" duration-ms="1725" status="PASS">
          <reporter-output>
          </reporter-output>
        </test-method> <!-- listInventory -->
        <test-method is-config="true" signature="tearDown()[pri:0, instance:com.wmsportalvt.testCases.TC6_ValidateOrderPageNavigation@4c1d9d4b]" started-at="2021-03-16T17:26:42 EDT" name="tearDown" finished-at="2021-03-16T17:26:44 EDT" duration-ms="1391" status="PASS">
          <reporter-output>
          </reporter-output>
        </test-method> <!-- tearDown -->
      </class> <!-- com.wmsportalvt.testCases.TC6_ValidateOrderPageNavigation -->
    </test> <!-- AlliedWMSPortalTV-Firefox -->
  </suite> <!-- AlliedWMSPortalTV -->
</testng-results>
